{
  "stats": {
    "suites": 4,
    "tests": 4,
    "passes": 4,
    "pending": 0,
    "failures": 0,
    "start": "2025-10-21T16:10:41.378Z",
    "end": "2025-10-21T16:10:43.487Z",
    "duration": 2109,
    "testsRegistered": 4,
    "passPercent": 100,
    "pendingPercent": 0,
    "other": 0,
    "hasOther": false,
    "skipped": 0,
    "hasSkipped": false
  },
  "results": [
    {
      "uuid": "6861c4f2-59fa-43dc-a966-40af65b04421",
      "title": "",
      "fullFile": "",
      "file": "",
      "beforeHooks": [],
      "afterHooks": [],
      "tests": [],
      "suites": [
        {
          "uuid": "97cb459d-caa1-4b2d-8160-a94c7437d524",
          "title": "Delete User API",
          "fullFile": "C:\\Users\\PAVILION\\Desktop\\api-automation\\tests\\deleteUser.js",
          "file": "\\tests\\deleteUser.js",
          "beforeHooks": [],
          "afterHooks": [],
          "tests": [
            {
              "title": "should return status 204 on successful delection",
              "fullTitle": "Delete User API should return status 204 on successful delection",
              "timedOut": false,
              "duration": 1267,
              "state": "passed",
              "speed": "slow",
              "pass": true,
              "fail": false,
              "pending": false,
              "context": null,
              "code": "const response = await fetch(\"https://reqres.in/api/users/2\", {\n    method: \"DELETE\",\n    headers: {\n        \"x-api-key\": \"reqres-free-v1\",\n    },\n});\nexpect(response.status).to.equal(204);\nconsole.log(\"Status Code:\", response.status);",
              "err": {},
              "uuid": "b1d14965-665b-4aa5-9fff-102f8ba25b93",
              "parentUUID": "97cb459d-caa1-4b2d-8160-a94c7437d524",
              "isHook": false,
              "skipped": false
            }
          ],
          "suites": [],
          "passes": [
            "b1d14965-665b-4aa5-9fff-102f8ba25b93"
          ],
          "failures": [],
          "pending": [],
          "skipped": [],
          "duration": 1267,
          "root": false,
          "rootEmpty": false,
          "_timeout": 2000
        },
        {
          "uuid": "17fafd55-48da-4e3a-8233-a65bc2ed1d80",
          "title": "GET Single User API",
          "fullFile": "C:\\Users\\PAVILION\\Desktop\\api-automation\\tests\\getSingleUser.js",
          "file": "\\tests\\getSingleUser.js",
          "beforeHooks": [],
          "afterHooks": [],
          "tests": [
            {
              "title": "should return status code 200 and correct user data",
              "fullTitle": "GET Single User API should return status code 200 and correct user data",
              "timedOut": false,
              "duration": 127,
              "state": "passed",
              "speed": "slow",
              "pass": true,
              "fail": false,
              "pending": false,
              "context": null,
              "code": "const response = await fetch(\"https://reqres.in/api/users/2\");\nconst data = await response.json();\nexpect(response.status).to.equal(200);\nexpect(data.data).to.have.property(\"id\");\nexpect(data.data.id).to.equal(2);\nconsole.log(\"User ID:\", data.data.id);",
              "err": {},
              "uuid": "ffc637d8-7293-4e13-825d-797bca231043",
              "parentUUID": "17fafd55-48da-4e3a-8233-a65bc2ed1d80",
              "isHook": false,
              "skipped": false
            }
          ],
          "suites": [],
          "passes": [
            "ffc637d8-7293-4e13-825d-797bca231043"
          ],
          "failures": [],
          "pending": [],
          "skipped": [],
          "duration": 127,
          "root": false,
          "rootEmpty": false,
          "_timeout": 2000
        },
        {
          "uuid": "6a662fad-b7ec-4c90-ae64-12119accb51d",
          "title": "PATCH Update User API",
          "fullFile": "C:\\Users\\PAVILION\\Desktop\\api-automation\\tests\\patchUpdateUser.js",
          "file": "\\tests\\patchUpdateUser.js",
          "beforeHooks": [],
          "afterHooks": [],
          "tests": [
            {
              "title": "should return status 200 and updated user data",
              "fullTitle": "PATCH Update User API should return status 200 and updated user data",
              "timedOut": false,
              "duration": 355,
              "state": "passed",
              "speed": "slow",
              "pass": true,
              "fail": false,
              "pending": false,
              "context": null,
              "code": "const response = await fetch(\"https://reqres.in/api/users/2\", {\n      method: \"PATCH\",\n      headers: {\n        \"Content-Type\": \"application/json\",\n        \"x-api-key\": \"reqres-free-v1\",\n      },\n      body: JSON.stringify({\n        name: \"Peter Parker\",\n        job: \"Spiderman\",\n      }),\n    });\n    const data = await response.json();\n    expect(response.status).to.equal(200);\n    expect(data.name).to.equal(\"Peter Parker\");\n    expect(data.job).to.equal(\"Spiderman\");\n    console.log(\"Updated data:\", data);",
              "err": {},
              "uuid": "796a8308-b32b-4576-81ad-86b7bbe68226",
              "parentUUID": "6a662fad-b7ec-4c90-ae64-12119accb51d",
              "isHook": false,
              "skipped": false
            }
          ],
          "suites": [],
          "passes": [
            "796a8308-b32b-4576-81ad-86b7bbe68226"
          ],
          "failures": [],
          "pending": [],
          "skipped": [],
          "duration": 355,
          "root": false,
          "rootEmpty": false,
          "_timeout": 2000
        },
        {
          "uuid": "855311d8-976a-40ca-92a9-42090be0e243",
          "title": "POST Create User API",
          "fullFile": "C:\\Users\\PAVILION\\Desktop\\api-automation\\tests\\postCreateNewUser.js",
          "file": "\\tests\\postCreateNewUser.js",
          "beforeHooks": [],
          "afterHooks": [],
          "tests": [
            {
              "title": "should return status 201 and correct response body",
              "fullTitle": "POST Create User API should return status 201 and correct response body",
              "timedOut": false,
              "duration": 339,
              "state": "passed",
              "speed": "slow",
              "pass": true,
              "fail": false,
              "pending": false,
              "context": null,
              "code": "const response = await fetch(\"https://reqres.in/api/users\", {\n  method: \"POST\",\n  headers: { \n    \"Content-Type\": \"application/json\",\n    \"x-api-key\": \"reqres-free-v1\"},\n  body: JSON.stringify({\n    name: \"Rendi Firmansyah\",\n    job: \"QA Engineer\",\n  }),\n});\nconst data = await response.json();\nexpect(response.status).to.equal(201);\nexpect(data.name).to.equal(\"Rendi Firmansyah\");\nexpect(data.job).to.equal(\"QA Engineer\");\nconsole.log(\"Response data:\", data);",
              "err": {},
              "uuid": "c692fdb1-596b-4bd3-8911-050c2cd19bb2",
              "parentUUID": "855311d8-976a-40ca-92a9-42090be0e243",
              "isHook": false,
              "skipped": false
            }
          ],
          "suites": [],
          "passes": [
            "c692fdb1-596b-4bd3-8911-050c2cd19bb2"
          ],
          "failures": [],
          "pending": [],
          "skipped": [],
          "duration": 339,
          "root": false,
          "rootEmpty": false,
          "_timeout": 2000
        }
      ],
      "passes": [],
      "failures": [],
      "pending": [],
      "skipped": [],
      "duration": 0,
      "root": true,
      "rootEmpty": true,
      "_timeout": 2000
    }
  ],
  "meta": {
    "mocha": {
      "version": "11.7.4"
    },
    "mochawesome": {
      "options": {
        "quiet": false,
        "reportFilename": "mochawesome",
        "saveHtml": true,
        "saveJson": true,
        "consoleReporter": "spec",
        "useInlineDiffs": false,
        "code": true
      },
      "version": "7.1.4"
    },
    "marge": {
      "options": null,
      "version": "6.3.0"
    }
  }
}