{
  "stats": {
    "suites": 1,
    "tests": 1,
    "passes": 1,
    "pending": 0,
    "failures": 0,
    "start": "2025-10-25T01:47:33.123Z",
    "end": "2025-10-25T01:47:38.157Z",
    "duration": 5034,
    "testsRegistered": 1,
    "passPercent": 100,
    "pendingPercent": 0,
    "other": 0,
    "hasOther": false,
    "skipped": 0,
    "hasSkipped": false
  },
  "results": [
    {
      "uuid": "43810443-a14e-4834-a912-d7b3da042fe4",
      "title": "",
      "fullFile": "C:\\Users\\PAVILION\\Desktop\\selenium-mocha\\tests\\test-sauce.js",
      "file": "\\tests\\test-sauce.js",
      "beforeHooks": [],
      "afterHooks": [],
      "tests": [],
      "suites": [
        {
          "uuid": "1bdc5fbf-a057-46e4-8b7c-984f4cdf4f35",
          "title": "Google Search Test",
          "fullFile": "C:\\Users\\PAVILION\\Desktop\\selenium-mocha\\tests\\test-sauce.js",
          "file": "\\tests\\test-sauce.js",
          "beforeHooks": [],
          "afterHooks": [],
          "tests": [
            {
              "title": "Visit SauceDEmo dan cek page title",
              "fullTitle": "Google Search Test Visit SauceDEmo dan cek page title",
              "timedOut": false,
              "duration": 5013,
              "state": "passed",
              "speed": "slow",
              "pass": true,
              "fail": false,
              "pending": false,
              "context": null,
              "code": "options = new chrome.Options();\noptions.addArguments('--incognito');\ndriver = await new Builder().forBrowser('chrome').setChromeOptions(options).build();\nawait driver.get('https://saucedemo.com');\nlet inputUsername = await driver.findElement (By.xpath('//input[@data-test=\"username\"]'));\nlet inputPassword = await driver.findElement (By.xpath('//input[@data-test=\"password\"]'));\nlet buttonLogin = await driver.findElement (By.xpath('//input[@data-test=\"login-button\"]'));\nawait inputUsername.sendKeys('standard_user');\nawait inputPassword.sendKeys('secret_sauce');\nawait buttonLogin.click();",
              "err": {},
              "uuid": "2b53ddd3-4cf1-43b6-97c4-e045e9817aa2",
              "parentUUID": "1bdc5fbf-a057-46e4-8b7c-984f4cdf4f35",
              "isHook": false,
              "skipped": false
            }
          ],
          "suites": [],
          "passes": [
            "2b53ddd3-4cf1-43b6-97c4-e045e9817aa2"
          ],
          "failures": [],
          "pending": [],
          "skipped": [],
          "duration": 5013,
          "root": false,
          "rootEmpty": false,
          "_timeout": 60000
        }
      ],
      "passes": [],
      "failures": [],
      "pending": [],
      "skipped": [],
      "duration": 0,
      "root": true,
      "rootEmpty": true,
      "_timeout": 60000
    }
  ],
  "meta": {
    "mocha": {
      "version": "10.8.2"
    },
    "mochawesome": {
      "options": {
        "quiet": false,
        "reportFilename": "mochawesome",
        "saveHtml": true,
        "saveJson": true,
        "consoleReporter": "spec",
        "useInlineDiffs": false,
        "code": true
      },
      "version": "7.1.4"
    },
    "marge": {
      "options": null,
      "version": "6.3.0"
    }
  }
}